Analysis & Elaboration report for Single_Cycle
Mon Jun  9 12:03:45 2025
Quartus Prime Version 23.1std.0 Build 991 11/28/2023 SC Lite Edition


---------------------
; Table of Contents ;
---------------------
  1. Legal Notice
  2. Analysis & Elaboration Summary
  3. Parallel Compilation
  4. Analysis & Elaboration Settings
  5. Analysis & Elaboration Messages



----------------
; Legal Notice ;
----------------
Copyright (C) 2023  Intel Corporation. All rights reserved.
Your use of Intel Corporation's design tools, logic functions 
and other software and tools, and any partner logic 
functions, and any output files from any of the foregoing 
(including device programming or simulation files), and any 
associated documentation or information are expressly subject 
to the terms and conditions of the Intel Program License 
Subscription Agreement, the Intel Quartus Prime License Agreement,
the Intel FPGA IP License Agreement, or other applicable license
agreement, including, without limitation, that your use is for
the sole purpose of programming logic devices manufactured by
Intel and sold by Intel or its authorized distributors.  Please
refer to the applicable agreement for further details, at
https://fpgasoftware.intel.com/eula.



+-------------------------------------------------------------------------------------+
; Analysis & Elaboration Summary                                                      ;
+------------------------------------+------------------------------------------------+
; Analysis & Elaboration Status      ; Successful - Mon Jun  9 12:03:45 2025          ;
; Quartus Prime Version              ; 23.1std.0 Build 991 11/28/2023 SC Lite Edition ;
; Revision Name                      ; Single_Cycle                                   ;
; Top-level Entity Name              ; main                                           ;
; Family                             ; MAX 10                                         ;
; Total logic elements               ; N/A until Partition Merge                      ;
;     Total combinational functions  ; N/A until Partition Merge                      ;
;     Dedicated logic registers      ; N/A until Partition Merge                      ;
; Total registers                    ; N/A until Partition Merge                      ;
; Total pins                         ; N/A until Partition Merge                      ;
; Total virtual pins                 ; N/A until Partition Merge                      ;
; Total memory bits                  ; N/A until Partition Merge                      ;
; Embedded Multiplier 9-bit elements ; N/A until Partition Merge                      ;
; Total PLLs                         ; N/A until Partition Merge                      ;
; UFM blocks                         ; N/A until Partition Merge                      ;
; ADC blocks                         ; N/A until Partition Merge                      ;
+------------------------------------+------------------------------------------------+


+------------------------------------------+
; Parallel Compilation                     ;
+----------------------------+-------------+
; Processors                 ; Number      ;
+----------------------------+-------------+
; Number detected on machine ; 8           ;
; Maximum allowed            ; 4           ;
;                            ;             ;
; Average used               ; 1.00        ;
; Maximum used               ; 1           ;
;                            ;             ;
; Usage by Processor         ; % Time Used ;
;     Processor 1            ; 100.0%      ;
+----------------------------+-------------+


+------------------------------------------------------------------------------------------------------------+
; Analysis & Elaboration Settings                                                                            ;
+------------------------------------------------------------------+--------------------+--------------------+
; Option                                                           ; Setting            ; Default Value      ;
+------------------------------------------------------------------+--------------------+--------------------+
; Device                                                           ; 10M50DAF484C7G     ;                    ;
; Top-level entity name                                            ; main               ; Single_Cycle       ;
; Family name                                                      ; MAX 10             ; Cyclone V          ;
; Use smart compilation                                            ; Off                ; Off                ;
; Enable parallel Assembler and Timing Analyzer during compilation ; On                 ; On                 ;
; Enable compact report table                                      ; Off                ; Off                ;
; Restructure Multiplexers                                         ; Auto               ; Auto               ;
; Create Debugging Nodes for IP Cores                              ; Off                ; Off                ;
; Preserve fewer node names                                        ; On                 ; On                 ;
; Intel FPGA IP Evaluation Mode                                    ; Enable             ; Enable             ;
; Verilog Version                                                  ; Verilog_2001       ; Verilog_2001       ;
; VHDL Version                                                     ; VHDL_1993          ; VHDL_1993          ;
; State Machine Processing                                         ; Auto               ; Auto               ;
; Safe State Machine                                               ; Off                ; Off                ;
; Extract Verilog State Machines                                   ; On                 ; On                 ;
; Extract VHDL State Machines                                      ; On                 ; On                 ;
; Ignore Verilog initial constructs                                ; Off                ; Off                ;
; Iteration limit for constant Verilog loops                       ; 5000               ; 5000               ;
; Iteration limit for non-constant Verilog loops                   ; 250                ; 250                ;
; Add Pass-Through Logic to Inferred RAMs                          ; On                 ; On                 ;
; Infer RAMs from Raw Logic                                        ; On                 ; On                 ;
; Parallel Synthesis                                               ; On                 ; On                 ;
; DSP Block Balancing                                              ; Auto               ; Auto               ;
; NOT Gate Push-Back                                               ; On                 ; On                 ;
; Power-Up Don't Care                                              ; On                 ; On                 ;
; Remove Redundant Logic Cells                                     ; Off                ; Off                ;
; Remove Duplicate Registers                                       ; On                 ; On                 ;
; Ignore CARRY Buffers                                             ; Off                ; Off                ;
; Ignore CASCADE Buffers                                           ; Off                ; Off                ;
; Ignore GLOBAL Buffers                                            ; Off                ; Off                ;
; Ignore ROW GLOBAL Buffers                                        ; Off                ; Off                ;
; Ignore LCELL Buffers                                             ; Off                ; Off                ;
; Ignore SOFT Buffers                                              ; On                 ; On                 ;
; Limit AHDL Integers to 32 Bits                                   ; Off                ; Off                ;
; Optimization Technique                                           ; Balanced           ; Balanced           ;
; Carry Chain Length                                               ; 70                 ; 70                 ;
; Auto Carry Chains                                                ; On                 ; On                 ;
; Auto Open-Drain Pins                                             ; On                 ; On                 ;
; Perform WYSIWYG Primitive Resynthesis                            ; Off                ; Off                ;
; Auto ROM Replacement                                             ; On                 ; On                 ;
; Auto RAM Replacement                                             ; On                 ; On                 ;
; Auto DSP Block Replacement                                       ; On                 ; On                 ;
; Auto Shift Register Replacement                                  ; Auto               ; Auto               ;
; Allow Shift Register Merging across Hierarchies                  ; Auto               ; Auto               ;
; Auto Clock Enable Replacement                                    ; On                 ; On                 ;
; Strict RAM Replacement                                           ; Off                ; Off                ;
; Allow Synchronous Control Signals                                ; On                 ; On                 ;
; Force Use of Synchronous Clear Signals                           ; Off                ; Off                ;
; Auto RAM Block Balancing                                         ; On                 ; On                 ;
; Auto RAM to Logic Cell Conversion                                ; Off                ; Off                ;
; Auto Resource Sharing                                            ; Off                ; Off                ;
; Allow Any RAM Size For Recognition                               ; Off                ; Off                ;
; Allow Any ROM Size For Recognition                               ; Off                ; Off                ;
; Allow Any Shift Register Size For Recognition                    ; Off                ; Off                ;
; Use LogicLock Constraints during Resource Balancing              ; On                 ; On                 ;
; Ignore translate_off and synthesis_off directives                ; Off                ; Off                ;
; Timing-Driven Synthesis                                          ; On                 ; On                 ;
; Report Parameter Settings                                        ; On                 ; On                 ;
; Report Source Assignments                                        ; On                 ; On                 ;
; Report Connectivity Checks                                       ; On                 ; On                 ;
; Ignore Maximum Fan-Out Assignments                               ; Off                ; Off                ;
; Synchronization Register Chain Length                            ; 2                  ; 2                  ;
; Power Optimization During Synthesis                              ; Normal compilation ; Normal compilation ;
; HDL message level                                                ; Level2             ; Level2             ;
; Suppress Register Optimization Related Messages                  ; Off                ; Off                ;
; Number of Removed Registers Reported in Synthesis Report         ; 5000               ; 5000               ;
; Number of Swept Nodes Reported in Synthesis Report               ; 5000               ; 5000               ;
; Number of Inverted Registers Reported in Synthesis Report        ; 100                ; 100                ;
; Clock MUX Protection                                             ; On                 ; On                 ;
; Auto Gated Clock Conversion                                      ; Off                ; Off                ;
; Block Design Naming                                              ; Auto               ; Auto               ;
; SDC constraint protection                                        ; Off                ; Off                ;
; Synthesis Effort                                                 ; Auto               ; Auto               ;
; Shift Register Replacement - Allow Asynchronous Clear Signal     ; On                 ; On                 ;
; Pre-Mapping Resynthesis Optimization                             ; Off                ; Off                ;
; Analysis & Synthesis Message Level                               ; Medium             ; Medium             ;
; Disable Register Merging Across Hierarchies                      ; Auto               ; Auto               ;
; Resource Aware Inference For Block RAM                           ; On                 ; On                 ;
+------------------------------------------------------------------+--------------------+--------------------+


+---------------------------------+
; Analysis & Elaboration Messages ;
+---------------------------------+
Info: *******************************************************************
Info: Running Quartus Prime Analysis & Elaboration
    Info: Version 23.1std.0 Build 991 11/28/2023 SC Lite Edition
    Info: Processing started: Mon Jun  9 12:03:35 2025
Info: Command: quartus_map --read_settings_files=on --write_settings_files=off Single_Cycle -c Single_Cycle --analysis_and_elaboration
Warning (18236): Number of processors has not been specified which may cause overloading on shared machines.  Set the global assignment NUM_PARALLEL_PROCESSORS in your QSF to an appropriate value for best performance.
Info (20030): Parallel compilation is enabled and will use 4 of the 4 processors detected
Info (12021): Found 1 design units, including 1 entities, in source file main.v
    Info (12023): Found entity 1: main File: C:/Users/eliza/TE2003B.501-_A01253381/Single-Cycle-2/main.v Line: 4
Info (12021): Found 1 design units, including 1 entities, in source file alu.v
    Info (12023): Found entity 1: ALU File: C:/Users/eliza/TE2003B.501-_A01253381/Single-Cycle-2/ALU.v Line: 4
Info (12021): Found 1 design units, including 1 entities, in source file alu_decoder.v
    Info (12023): Found entity 1: alu_decoder File: C:/Users/eliza/TE2003B.501-_A01253381/Single-Cycle-2/alu_decoder.v Line: 3
Info (12021): Found 1 design units, including 1 entities, in source file control_unit.v
    Info (12023): Found entity 1: control_unit File: C:/Users/eliza/TE2003B.501-_A01253381/Single-Cycle-2/control_unit.v Line: 6
Info (12021): Found 1 design units, including 1 entities, in source file data_memory.v
    Info (12023): Found entity 1: data_memory File: C:/Users/eliza/TE2003B.501-_A01253381/Single-Cycle-2/data_memory.v Line: 5
Info (12021): Found 1 design units, including 1 entities, in source file extend.v
    Info (12023): Found entity 1: extend File: C:/Users/eliza/TE2003B.501-_A01253381/Single-Cycle-2/extend.v Line: 3
Info (12021): Found 1 design units, including 1 entities, in source file instruction_memory.v
    Info (12023): Found entity 1: instruction_memory File: C:/Users/eliza/TE2003B.501-_A01253381/Single-Cycle-2/instruction_memory.v Line: 4
Info (12021): Found 1 design units, including 1 entities, in source file main_decoder.v
    Info (12023): Found entity 1: main_decoder File: C:/Users/eliza/TE2003B.501-_A01253381/Single-Cycle-2/main_decoder.v Line: 4
Info (12021): Found 1 design units, including 1 entities, in source file main_tb.v
    Info (12023): Found entity 1: main_tb File: C:/Users/eliza/TE2003B.501-_A01253381/Single-Cycle-2/main_tb.v Line: 3
Info (12021): Found 1 design units, including 1 entities, in source file register_file.v
    Info (12023): Found entity 1: register_file File: C:/Users/eliza/TE2003B.501-_A01253381/Single-Cycle-2/register_file.v Line: 5
Info (12127): Elaborating entity "main" for the top level hierarchy
Info (12128): Elaborating entity "instruction_memory" for hierarchy "instruction_memory:IM_INST" File: C:/Users/eliza/TE2003B.501-_A01253381/Single-Cycle-2/main.v Line: 70
Warning (10850): Verilog HDL warning at instruction_memory.v(14): number of words (20) in memory file does not match the number of elements in the address range [0:31] File: C:/Users/eliza/TE2003B.501-_A01253381/Single-Cycle-2/instruction_memory.v Line: 14
Info (10648): Verilog HDL Display System Task info at instruction_memory.v(15): INSTRUCTION_MEM: Loaded instructions from instructions.mem File: C:/Users/eliza/TE2003B.501-_A01253381/Single-Cycle-2/instruction_memory.v Line: 15
Warning (10030): Net "mem.data_a" at instruction_memory.v(9) has no driver or initial value, using a default initial value '0' File: C:/Users/eliza/TE2003B.501-_A01253381/Single-Cycle-2/instruction_memory.v Line: 9
Warning (10030): Net "mem.waddr_a" at instruction_memory.v(9) has no driver or initial value, using a default initial value '0' File: C:/Users/eliza/TE2003B.501-_A01253381/Single-Cycle-2/instruction_memory.v Line: 9
Warning (10030): Net "mem.we_a" at instruction_memory.v(9) has no driver or initial value, using a default initial value '0' File: C:/Users/eliza/TE2003B.501-_A01253381/Single-Cycle-2/instruction_memory.v Line: 9
Info (12128): Elaborating entity "register_file" for hierarchy "register_file:RF_INST" File: C:/Users/eliza/TE2003B.501-_A01253381/Single-Cycle-2/main.v Line: 81
Info (12128): Elaborating entity "extend" for hierarchy "extend:EX_INST" File: C:/Users/eliza/TE2003B.501-_A01253381/Single-Cycle-2/main.v Line: 87
Info (12128): Elaborating entity "ALU" for hierarchy "ALU:ALU_INST" File: C:/Users/eliza/TE2003B.501-_A01253381/Single-Cycle-2/main.v Line: 95
Info (12128): Elaborating entity "data_memory" for hierarchy "data_memory:DM_INST" File: C:/Users/eliza/TE2003B.501-_A01253381/Single-Cycle-2/main.v Line: 103
Info (12128): Elaborating entity "control_unit" for hierarchy "control_unit:CU_INST" File: C:/Users/eliza/TE2003B.501-_A01253381/Single-Cycle-2/main.v Line: 117
Info (12128): Elaborating entity "main_decoder" for hierarchy "control_unit:CU_INST|main_decoder:MD_INST" File: C:/Users/eliza/TE2003B.501-_A01253381/Single-Cycle-2/control_unit.v Line: 36
Info (12128): Elaborating entity "alu_decoder" for hierarchy "control_unit:CU_INST|alu_decoder:AD_INST" File: C:/Users/eliza/TE2003B.501-_A01253381/Single-Cycle-2/control_unit.v Line: 44
Info: Quartus Prime Analysis & Elaboration was successful. 0 errors, 5 warnings
    Info: Peak virtual memory: 4732 megabytes
    Info: Processing ended: Mon Jun  9 12:03:45 2025
    Info: Elapsed time: 00:00:10
    Info: Total CPU time (on all processors): 00:00:18


